g:\git\3dfpsserver\3dfpsserver\debug\vc143.pdb
g:\git\3dfpsserver\3dfpsserver\debug\vc143.idb
g:\git\3dfpsserver\3dfpsserver\debug\winsockmanager.obj
g:\git\3dfpsserver\3dfpsserver\debug\sectormanager.obj
g:\git\3dfpsserver\3dfpsserver\debug\sinleton.obj
g:\git\3dfpsserver\3dfpsserver\debug\circularqueue.obj
g:\git\3dfpsserver\3dfpsserver\debug\protocol.pb.obj
g:\git\3dfpsserver\3dfpsserver\debug\main.obj
g:\git\3dfpsserver\3dfpsserver\debug\sector.obj
g:\git\3dfpsserver\3dfpsserver\debug\player.obj
g:\git\3dfpsserver\3dfpsserver\debug\pch.obj
g:\git\3dfpsserver\3dfpsserver\debug\packetproc.obj
g:\git\3dfpsserver\3dfpsserver\debug\packet.obj
g:\git\3dfpsserver\3dfpsserver\debug\objectmanager.obj
g:\git\3dfpsserver\3dfpsserver\debug\object.obj
g:\git\3dfpsserver\3dfpsserver\debug\netiomanager.obj
g:\git\3dfpsserver\3dfpsserver\debug\makepacket.obj
g:\git\3dfpsserver\3dfpsserver\debug\profile.obj
g:\git\3dfpsserver\3dfpsserver\debug\memorypoolmanager.obj
g:\git\3dfpsserver\3dfpsserver\debug\logmanager.obj
g:\git\3dfpsserver\3dfpsserver\debug\customexception.obj
g:\git\3dfpsserver\3dfpsserver\debug\crashdump.obj
g:\git\3dfpsserver\3dfpsserver\debug\content.obj
g:\git\3dfpsserver\3dfpsserver\debug\timermanager.obj
g:\git\3dfpsserver\3dfpsserver\debug\stackwalker.obj
g:\git\3dfpsserver\3dfpsserver\debug\sessionmanager.obj
g:\git\3dfpsserver\3dfpsserver\debug\session.obj
g:\git\3dfpsserver\debug\3dfpsserver.exe
g:\git\3dfpsserver\debug\3dfpsserver.pdb
g:\git\3dfpsserver\3dfpsserver\debug\3dfpsserver.res
g:\git\3dfpsserver\3dfpsserver\debug\3dfpsserver.ilk
g:\git\3dfpsserver\3dfpsserver\debug\3dfpsserver.tlog\cl.command.1.tlog
g:\git\3dfpsserver\3dfpsserver\debug\3dfpsserver.tlog\cl.items.tlog
g:\git\3dfpsserver\3dfpsserver\debug\3dfpsserver.tlog\cl.read.1.tlog
g:\git\3dfpsserver\3dfpsserver\debug\3dfpsserver.tlog\cl.write.1.tlog
g:\git\3dfpsserver\3dfpsserver\debug\3dfpsserver.tlog\link.command.1.tlog
g:\git\3dfpsserver\3dfpsserver\debug\3dfpsserver.tlog\link.read.1.tlog
g:\git\3dfpsserver\3dfpsserver\debug\3dfpsserver.tlog\link.secondary.1.tlog
g:\git\3dfpsserver\3dfpsserver\debug\3dfpsserver.tlog\link.write.1.tlog
g:\git\3dfpsserver\3dfpsserver\debug\3dfpsserver.tlog\rc.command.1.tlog
g:\git\3dfpsserver\3dfpsserver\debug\3dfpsserver.tlog\rc.read.1.tlog
g:\git\3dfpsserver\3dfpsserver\debug\3dfpsserver.tlog\rc.write.1.tlog
