  Content.cpp
G:\Git\3DFPSServer\3DFPSServer\Content.cpp(55,50): warning C4267: '인수': 'size_t'에서 'int'(으)로 변환하면서 데이터가 손실될 수 있습니다.
G:\Git\3DFPSServer\3DFPSServer\Content.cpp(82,105): warning C4244: '인수': 'LONG'에서 'UINT8'(으)로 변환하면서 데이터가 손실될 수 있습니다.
G:\Git\3DFPSServer\3DFPSServer\Content.cpp(82,78): warning C4244: '인수': 'LONG'에서 'UINT8'(으)로 변환하면서 데이터가 손실될 수 있습니다.
  Main.cpp
G:\Git\3DFPSServer\3DFPSServer\LogManager.h(61,17): warning C4002: 함수 같은 매크로 호출 'GetCurrentTime'에 대해 인수가 너무 많습니다.
  (소스 파일 'Main.cpp'을(를) 컴파일하는 중)
  
  MakePacket.cpp
  MemoryPoolManager.cpp
  NetIOManager.cpp
G:\Git\3DFPSServer\3DFPSServer\NetIOManager.cpp(40,26): warning C4267: '초기화 중': 'size_t'에서 'UINT32'(으)로 변환하면서 데이터가 손실될 수 있습니다.
  Object.cpp
G:\Git\3DFPSServer\3DFPSServer\LogManager.h(61,17): warning C4002: 함수 같은 매크로 호출 'GetCurrentTime'에 대해 인수가 너무 많습니다.
  (소스 파일 'Object.cpp'을(를) 컴파일하는 중)
  
  Packet.cpp
  PacketProc.cpp
G:\Git\3DFPSServer\3DFPSServer\LogManager.h(61,17): warning C4002: 함수 같은 매크로 호출 'GetCurrentTime'에 대해 인수가 너무 많습니다.
  (소스 파일 'PacketProc.cpp'을(를) 컴파일하는 중)
  
G:\Git\3DFPSServer\3DFPSServer\PacketProc.cpp(184,118): warning C4244: '인수': 'LONG'에서 'UINT8'(으)로 변환하면서 데이터가 손실될 수 있습니다.
G:\Git\3DFPSServer\3DFPSServer\PacketProc.cpp(184,91): warning C4244: '인수': 'LONG'에서 'UINT8'(으)로 변환하면서 데이터가 손실될 수 있습니다.
G:\Git\3DFPSServer\3DFPSServer\PacketProc.cpp(203,105): warning C4244: '인수': 'LONG'에서 'UINT8'(으)로 변환하면서 데이터가 손실될 수 있습니다.
G:\Git\3DFPSServer\3DFPSServer\PacketProc.cpp(203,78): warning C4244: '인수': 'LONG'에서 'UINT8'(으)로 변환하면서 데이터가 손실될 수 있습니다.
G:\Git\3DFPSServer\3DFPSServer\PacketProc.cpp(259,118): warning C4244: '인수': 'LONG'에서 'UINT8'(으)로 변환하면서 데이터가 손실될 수 있습니다.
G:\Git\3DFPSServer\3DFPSServer\PacketProc.cpp(259,91): warning C4244: '인수': 'LONG'에서 'UINT8'(으)로 변환하면서 데이터가 손실될 수 있습니다.
G:\Git\3DFPSServer\3DFPSServer\PacketProc.cpp(278,105): warning C4244: '인수': 'LONG'에서 'UINT8'(으)로 변환하면서 데이터가 손실될 수 있습니다.
G:\Git\3DFPSServer\3DFPSServer\PacketProc.cpp(278,78): warning C4244: '인수': 'LONG'에서 'UINT8'(으)로 변환하면서 데이터가 손실될 수 있습니다.
G:\Git\3DFPSServer\3DFPSServer\PacketProc.cpp(305,105): warning C4244: '인수': 'LONG'에서 'UINT8'(으)로 변환하면서 데이터가 손실될 수 있습니다.
G:\Git\3DFPSServer\3DFPSServer\PacketProc.cpp(305,78): warning C4244: '인수': 'LONG'에서 'UINT8'(으)로 변환하면서 데이터가 손실될 수 있습니다.
G:\Git\3DFPSServer\3DFPSServer\PacketProc.cpp(386,105): warning C4244: '인수': 'LONG'에서 'UINT8'(으)로 변환하면서 데이터가 손실될 수 있습니다.
G:\Git\3DFPSServer\3DFPSServer\PacketProc.cpp(386,78): warning C4244: '인수': 'LONG'에서 'UINT8'(으)로 변환하면서 데이터가 손실될 수 있습니다.
G:\Git\3DFPSServer\3DFPSServer\PacketProc.cpp(466,105): warning C4244: '인수': 'LONG'에서 'UINT8'(으)로 변환하면서 데이터가 손실될 수 있습니다.
G:\Git\3DFPSServer\3DFPSServer\PacketProc.cpp(466,78): warning C4244: '인수': 'LONG'에서 'UINT8'(으)로 변환하면서 데이터가 손실될 수 있습니다.
G:\Git\3DFPSServer\3DFPSServer\PacketProc.cpp(552,105): warning C4244: '인수': 'LONG'에서 'UINT8'(으)로 변환하면서 데이터가 손실될 수 있습니다.
G:\Git\3DFPSServer\3DFPSServer\PacketProc.cpp(552,78): warning C4244: '인수': 'LONG'에서 'UINT8'(으)로 변환하면서 데이터가 손실될 수 있습니다.
  Session.cpp
  SessionManager.cpp
G:\Git\3DFPSServer\3DFPSServer\LogManager.h(61,17): warning C4002: 함수 같은 매크로 호출 'GetCurrentTime'에 대해 인수가 너무 많습니다.
  (소스 파일 'SessionManager.cpp'을(를) 컴파일하는 중)
  
  코드를 생성하고 있습니다.
G:\Git\3DFPSServer\3DFPSServer\SystemMonitor.cpp(114): warning C4715: 'SystemMonitor::InitNetworkTrafficBytes': 모든 제어 경로에서 값을 반환하지는 않습니다.
  147 of 2401 functions ( 6.1%) were compiled, the rest were copied from previous compilation.
    11 functions were new in current compilation
    209 functions had inline decision re-evaluated but remain unchanged
  코드를 생성했습니다.
  3DFPSServer.vcxproj -> G:\Git\3DFPSServer\x64\Release\3DFPSServer.exe
