g:\sparta\fps26server\3dfpsserver\release\vc143.pdb
g:\sparta\fps26server\3dfpsserver\release\winsockmanager.obj
g:\sparta\fps26server\3dfpsserver\release\timermanager.obj
g:\sparta\fps26server\3dfpsserver\release\sinleton.obj
g:\sparta\fps26server\3dfpsserver\release\sessionmanager.obj
g:\sparta\fps26server\3dfpsserver\release\session.obj
g:\sparta\fps26server\3dfpsserver\release\roommanager.obj
g:\sparta\fps26server\3dfpsserver\release\room.obj
g:\sparta\fps26server\3dfpsserver\release\player.obj
g:\sparta\fps26server\3dfpsserver\release\packetproc.obj
g:\sparta\fps26server\3dfpsserver\release\objectmanager.obj
g:\sparta\fps26server\3dfpsserver\release\object.obj
g:\sparta\fps26server\3dfpsserver\release\netiomanager.obj
g:\sparta\fps26server\3dfpsserver\release\memorypoolmanager.obj
g:\sparta\fps26server\3dfpsserver\release\matchsystem.obj
g:\sparta\fps26server\3dfpsserver\release\makepacket.obj
g:\sparta\fps26server\3dfpsserver\release\main.obj
g:\sparta\fps26server\3dfpsserver\release\logmanager.obj
g:\sparta\fps26server\3dfpsserver\release\content.obj
g:\sparta\fps26server\3dfpsserver\release\protocol.pb.obj
g:\sparta\fps26server\3dfpsserver\release\profile.obj
g:\sparta\fps26server\3dfpsserver\release\customexception.obj
g:\sparta\fps26server\3dfpsserver\release\itemspawner.obj
g:\sparta\fps26server\3dfpsserver\release\item.obj
g:\sparta\fps26server\3dfpsserver\release\damagetracker.obj
g:\sparta\fps26server\3dfpsserver\release\crashdump.obj
g:\sparta\fps26server\3dfpsserver\release\cpuusage.obj
g:\sparta\fps26server\3dfpsserver\release\circularqueue.obj
g:\sparta\fps26server\3dfpsserver\release\timer.obj
g:\sparta\fps26server\3dfpsserver\release\systemmonitor.obj
g:\sparta\fps26server\3dfpsserver\release\stackwalker.obj
g:\sparta\fps26server\3dfpsserver\release\pch.obj
g:\sparta\fps26server\3dfpsserver\release\packet.obj
g:\sparta\fps26server\3dfpsserver\release\3dfpsserver.res
g:\sparta\fps26server\3dfpsserver\release\3dfpsserver.ipdb
g:\sparta\fps26server\3dfpsserver\release\3dfpsserver.iobj
g:\sparta\fps26server\x64\release\3dfpsserver.pdb
g:\sparta\fps26server\3dfpsserver\release\3dfpsserver.tlog\cl.command.1.tlog
g:\sparta\fps26server\3dfpsserver\release\3dfpsserver.tlog\cl.items.tlog
g:\sparta\fps26server\3dfpsserver\release\3dfpsserver.tlog\cl.read.1.tlog
g:\sparta\fps26server\3dfpsserver\release\3dfpsserver.tlog\cl.write.1.tlog
g:\sparta\fps26server\3dfpsserver\release\3dfpsserver.tlog\link.command.1.tlog
g:\sparta\fps26server\3dfpsserver\release\3dfpsserver.tlog\link.read.1.tlog
g:\sparta\fps26server\3dfpsserver\release\3dfpsserver.tlog\link.secondary.1.tlog
g:\sparta\fps26server\3dfpsserver\release\3dfpsserver.tlog\link.write.1.tlog
g:\sparta\fps26server\3dfpsserver\release\3dfpsserver.tlog\rc.command.1.tlog
g:\sparta\fps26server\3dfpsserver\release\3dfpsserver.tlog\rc.read.1.tlog
g:\sparta\fps26server\3dfpsserver\release\3dfpsserver.tlog\rc.write.1.tlog
